# JRE version: Java(TM) SE Runtime Environment (8.0_92-b14) (build 1.8.0_92-b14)
# Java VM: Java HotSpot(TM) 64-Bit Server VM (25.92-b14 mixed mode windows-amd64 compressed oops)
Heap:
 PSYoungGen      total 303616K, used 36948K [0x00000000d5d00000, 0x00000000ecd80000, 0x0000000100000000)
  eden space 289280K, 7% used [0x00000000d5d00000,0x00000000d7336a30,0x00000000e7780000)
  from space 14336K, 99% used [0x00000000ebf80000,0x00000000ecd5e5f8,0x00000000ecd80000)
  to   space 19968K, 0% used [0x00000000ea680000,0x00000000ea680000,0x00000000eba00000)
 ParOldGen       total 125952K, used 23423K [0x0000000081600000, 0x0000000089100000, 0x00000000d5d00000)
  object space 125952K, 18% used [0x0000000081600000,0x0000000082cdfe20,0x0000000089100000)
 Metaspace       used 68408K, capacity 72193K, committed 72320K, reserved 1112064K
  class space    used 9153K, capacity 9766K, committed 9856K, reserved 1048576K
GC Heap History (10 events):
Event: 6.144 GC heap before
{Heap before GC invocations=11 (full 2):
 PSYoungGen      total 217600K, used 9406K [0x00000000d5d00000, 0x00000000e7800000, 0x0000000100000000)
  eden space 206848K, 0% used [0x00000000d5d00000,0x00000000d5d00000,0x00000000e2700000)
  from space 10752K, 87% used [0x00000000e2700000,0x00000000e302f878,0x00000000e3180000)
  to   space 11776K, 0% used [0x00000000e6c80000,0x00000000e6c80000,0x00000000e7800000)
 ParOldGen       total 53760K, used 8233K [0x0000000081600000, 0x0000000084a80000, 0x00000000d5d00000)
  object space 53760K, 15% used [0x0000000081600000,0x0000000081e0a778,0x0000000084a80000)
 Metaspace       used 33317K, capacity 35439K, committed 35496K, reserved 1081344K
  class space    used 4167K, capacity 4570K, committed 4608K, reserved 1048576K
Event: 6.182 GC heap after
Heap after GC invocations=11 (full 2):
 PSYoungGen      total 217600K, used 0K [0x00000000d5d00000, 0x00000000e7800000, 0x0000000100000000)
  eden space 206848K, 0% used [0x00000000d5d00000,0x00000000d5d00000,0x00000000e2700000)
  from space 10752K, 0% used [0x00000000e2700000,0x00000000e2700000,0x00000000e3180000)
  to   space 11776K, 0% used [0x00000000e6c80000,0x00000000e6c80000,0x00000000e7800000)
 ParOldGen       total 80896K, used 13070K [0x0000000081600000, 0x0000000086500000, 0x00000000d5d00000)
  object space 80896K, 16% used [0x0000000081600000,0x00000000822c3920,0x0000000086500000)
 Metaspace       used 33317K, capacity 35439K, committed 35496K, reserved 1081344K
  class space    used 4167K, capacity 4570K, committed 4608K, reserved 1048576K
}
Event: 7.557 GC heap before
{Heap before GC invocations=12 (full 2):
 PSYoungGen      total 217600K, used 206848K [0x00000000d5d00000, 0x00000000e7800000, 0x0000000100000000)
  eden space 206848K, 100% used [0x00000000d5d00000,0x00000000e2700000,0x00000000e2700000)
  from space 10752K, 0% used [0x00000000e2700000,0x00000000e2700000,0x00000000e3180000)
  to   space 11776K, 0% used [0x00000000e6c80000,0x00000000e6c80000,0x00000000e7800000)
 ParOldGen       total 80896K, used 13070K [0x0000000081600000, 0x0000000086500000, 0x00000000d5d00000)
  object space 80896K, 16% used [0x0000000081600000,0x00000000822c3920,0x0000000086500000)
 Metaspace       used 47185K, capacity 49563K, committed 49920K, reserved 1093632K
  class space    used 6145K, capacity 6571K, committed 6656K, reserved 1048576K
Event: 7.575 GC heap after
Heap after GC invocations=12 (full 2):
 PSYoungGen      total 271872K, used 11764K [0x00000000d5d00000, 0x00000000e8c80000, 0x0000000100000000)
  eden space 260096K, 0% used [0x00000000d5d00000,0x00000000d5d00000,0x00000000e5b00000)
  from space 11776K, 99% used [0x00000000e6c80000,0x00000000e77fd2b0,0x00000000e7800000)
  to   space 17920K, 0% used [0x00000000e5b00000,0x00000000e5b00000,0x00000000e6c80000)
 ParOldGen       total 80896K, used 25359K [0x0000000081600000, 0x0000000086500000, 0x00000000d5d00000)
  object space 80896K, 31% used [0x0000000081600000,0x0000000082ec3eb8,0x0000000086500000)
 Metaspace       used 47185K, capacity 49563K, committed 49920K, reserved 1093632K
  class space    used 6145K, capacity 6571K, committed 6656K, reserved 1048576K
}
Event: 8.972 GC heap before
{Heap before GC invocations=13 (full 2):
 PSYoungGen      total 271872K, used 159277K [0x00000000d5d00000, 0x00000000e8c80000, 0x0000000100000000)
  eden space 260096K, 56% used [0x00000000d5d00000,0x00000000ded0e418,0x00000000e5b00000)
  from space 11776K, 99% used [0x00000000e6c80000,0x00000000e77fd2b0,0x00000000e7800000)
  to   space 17920K, 0% used [0x00000000e5b00000,0x00000000e5b00000,0x00000000e6c80000)
 ParOldGen       total 80896K, used 25359K [0x0000000081600000, 0x0000000086500000, 0x00000000d5d00000)
  object space 80896K, 31% used [0x0000000081600000,0x0000000082ec3eb8,0x0000000086500000)
 Metaspace       used 56441K, capacity 59053K, committed 59160K, reserved 1099776K
  class space    used 7522K, capacity 8010K, committed 8064K, reserved 1048576K
Event: 8.993 GC heap after
Heap after GC invocations=13 (full 2):
 PSYoungGen      total 278016K, used 13094K [0x00000000d5d00000, 0x00000000ed180000, 0x0000000100000000)
  eden space 260096K, 0% used [0x00000000d5d00000,0x00000000d5d00000,0x00000000e5b00000)
  from space 17920K, 73% used [0x00000000e5b00000,0x00000000e67c98b0,0x00000000e6c80000)
  to   space 18432K, 0% used [0x00000000ebf80000,0x00000000ebf80000,0x00000000ed180000)
 ParOldGen       total 80896K, used 25399K [0x0000000081600000, 0x0000000086500000, 0x00000000d5d00000)
  object space 80896K, 31% used [0x0000000081600000,0x0000000082ecdec8,0x0000000086500000)
 Metaspace       used 56441K, capacity 59053K, committed 59160K, reserved 1099776K
  class space    used 7522K, capacity 8010K, committed 8064K, reserved 1048576K
}
Event: 8.993 GC heap before
{Heap before GC invocations=14 (full 3):
 PSYoungGen      total 278016K, used 13094K [0x00000000d5d00000, 0x00000000ed180000, 0x0000000100000000)
  eden space 260096K, 0% used [0x00000000d5d00000,0x00000000d5d00000,0x00000000e5b00000)
  from space 17920K, 73% used [0x00000000e5b00000,0x00000000e67c98b0,0x00000000e6c80000)
  to   space 18432K, 0% used [0x00000000ebf80000,0x00000000ebf80000,0x00000000ed180000)
 ParOldGen       total 80896K, used 25399K [0x0000000081600000, 0x0000000086500000, 0x00000000d5d00000)
  object space 80896K, 31% used [0x0000000081600000,0x0000000082ecdec8,0x0000000086500000)
 Metaspace       used 56441K, capacity 59053K, committed 59160K, reserved 1099776K
  class space    used 7522K, capacity 8010K, committed 8064K, reserved 1048576K
Event: 9.402 GC heap after
Heap after GC invocations=14 (full 3):
 PSYoungGen      total 278016K, used 0K [0x00000000d5d00000, 0x00000000ed180000, 0x0000000100000000)
  eden space 260096K, 0% used [0x00000000d5d00000,0x00000000d5d00000,0x00000000e5b00000)
  from space 17920K, 0% used [0x00000000e5b00000,0x00000000e5b00000,0x00000000e6c80000)
  to   space 18432K, 0% used [0x00000000ebf80000,0x00000000ebf80000,0x00000000ed180000)
 ParOldGen       total 125952K, used 23415K [0x0000000081600000, 0x0000000089100000, 0x00000000d5d00000)
  object space 125952K, 18% used [0x0000000081600000,0x0000000082cdde20,0x0000000089100000)
 Metaspace       used 56441K, capacity 59053K, committed 59160K, reserved 1099776K
  class space    used 7522K, capacity 8010K, committed 8064K, reserved 1048576K
}
Event: 438.969 GC heap before
{Heap before GC invocations=15 (full 3):
 PSYoungGen      total 278016K, used 260096K [0x00000000d5d00000, 0x00000000ed180000, 0x0000000100000000)
  eden space 260096K, 100% used [0x00000000d5d00000,0x00000000e5b00000,0x00000000e5b00000)
  from space 17920K, 0% used [0x00000000e5b00000,0x00000000e5b00000,0x00000000e6c80000)
  to   space 18432K, 0% used [0x00000000ebf80000,0x00000000ebf80000,0x00000000ed180000)
 ParOldGen       total 125952K, used 23415K [0x0000000081600000, 0x0000000089100000, 0x00000000d5d00000)
  object space 125952K, 18% used [0x0000000081600000,0x0000000082cdde20,0x0000000089100000)
 Metaspace       used 68388K, capacity 72193K, committed 72320K, reserved 1112064K
  class space    used 9152K, capacity 9766K, committed 9856K, reserved 1048576K
Event: 438.985 GC heap after
Heap after GC invocations=15 (full 3):
 PSYoungGen      total 303616K, used 14201K [0x00000000d5d00000, 0x00000000ecd80000, 0x0000000100000000)
  eden space 289280K, 0% used [0x00000000d5d00000,0x00000000d5d00000,0x00000000e7780000)
  from space 14336K, 99% used [0x00000000ebf80000,0x00000000ecd5e5f8,0x00000000ecd80000)
  to   space 19968K, 0% used [0x00000000ea680000,0x00000000ea680000,0x00000000eba00000)
 ParOldGen       total 125952K, used 23423K [0x0000000081600000, 0x0000000089100000, 0x00000000d5d00000)
  object space 125952K, 18% used [0x0000000081600000,0x0000000082cdfe20,0x0000000089100000)
 Metaspace       used 68388K, capacity 72193K, committed 72320K, reserved 1112064K
  class space    used 9152K, capacity 9766K, committed 9856K, reserved 1048576K
}

